Command line:
   tb_bidirectional_buffer_isim_beh.exe
     -simmode  gui
     -simrunnum  0
     -socket  34081

Fri Oct  4 13:48:05 2024


 Elaboration Time: 0.07 sec

 Current Memory Usage: 183.964 Meg

 Total Signals          : 19
 Total Nets             : 17
 Total Signal Drivers   : 9
 Total Blocks           : 3
 Total Primitive Blocks : 2
 Total Processes        : 12
 Total Traceable Variables  : 20
 Total Scalar Nets and Variables : 99
Total Line Count : 26

 Total Simulation Time: 0.17 sec

 Current Memory Usage: 259.465 Meg

Fri Oct  4 15:12:14 2024

