Running: /opt/Xilinx/14.7/ISE_DS/ISE/bin/lin64/unwrapped/fuse -intstyle ise -incremental -lib unisims_ver -lib unimacro_ver -lib xilinxcorelib_ver -lib secureip -o /home/artmad/VLSI/VerilogLab/RippleCarryAdder/RippleCarryAdder/ripple_adder_tb_isim_beh.exe -prj /home/artmad/VLSI/VerilogLab/RippleCarryAdder/RippleCarryAdder/ripple_adder_tb_beh.prj work.ripple_adder_tb work.glbl 
ISim P.20131013 (signature 0xfbc00daa)
Number of CPUs detected in this system: 2
Turning on mult-threading, number of parallel sub-compilation jobs: 4 
Determining compilation order of HDL files
Analyzing Verilog file "/home/artmad/VLSI/VerilogLab/RippleCarryAdder/RippleCarryAdder/../rtl/half_adder.v" into library work
Analyzing Verilog file "/home/artmad/VLSI/VerilogLab/RippleCarryAdder/RippleCarryAdder/../rtl/full_adder.v" into library work
Analyzing Verilog file "/home/artmad/VLSI/VerilogLab/RippleCarryAdder/RippleCarryAdder/../rtl/rippleCarry.v" into library work
Analyzing Verilog file "/home/artmad/VLSI/VerilogLab/RippleCarryAdder/RippleCarryAdder/../tb/rippleCarry_tb.v" into library work
Analyzing Verilog file "/opt/Xilinx/14.7/ISE_DS/ISE//verilog/src/glbl.v" into library work
Starting static elaboration
Completed static elaboration
Fuse Memory Usage: 82688 KB
Fuse CPU Usage: 4690 ms
Compiling module half_adder
Compiling module full_adder
Compiling module ripple_adder
Compiling module ripple_adder_tb
Compiling module glbl
Time Resolution for simulation is 1ps.
Waiting for 2 sub-compilation(s) to finish...
Compiled 5 Verilog Units
Built simulation executable /home/artmad/VLSI/VerilogLab/RippleCarryAdder/RippleCarryAdder/ripple_adder_tb_isim_beh.exe
Fuse Memory Usage: 380744 KB
Fuse CPU Usage: 4720 ms
GCC CPU Usage: 1560 ms
