Running: /opt/Xilinx/14.7/ISE_DS/ISE/bin/lin64/unwrapped/fuse -intstyle ise -incremental -lib unisims_ver -lib unimacro_ver -lib xilinxcorelib_ver -lib secureip -o /home/artmad/VLSI/VerilogLab/bidirectional_buffer/bidir_buffer/tb_bidirectional_buffer_isim_beh.exe -prj /home/artmad/VLSI/VerilogLab/bidirectional_buffer/bidir_buffer/tb_bidirectional_buffer_beh.prj work.tb_bidirectional_buffer work.glbl 
ISim P.20131013 (signature 0xfbc00daa)
Number of CPUs detected in this system: 2
Turning on mult-threading, number of parallel sub-compilation jobs: 4 
Determining compilation order of HDL files
Analyzing Verilog file "/home/artmad/VLSI/VerilogLab/bidirectional_buffer/bidir_buffer/../rtl/bidirbuffer.v" into library work
Analyzing Verilog file "/home/artmad/VLSI/VerilogLab/bidirectional_buffer/bidir_buffer/../tb/bidirbuffer-tb.v" into library work
Analyzing Verilog file "/opt/Xilinx/14.7/ISE_DS/ISE//verilog/src/glbl.v" into library work
Starting static elaboration
Completed static elaboration
Fuse Memory Usage: 82684 KB
Fuse CPU Usage: 4910 ms
Compiling module bidirectional_buffer
Compiling module tb_bidirectional_buffer
Compiling module glbl
Time Resolution for simulation is 1ps.
Waiting for 2 sub-compilation(s) to finish...
Compiled 3 Verilog Units
Built simulation executable /home/artmad/VLSI/VerilogLab/bidirectional_buffer/bidir_buffer/tb_bidirectional_buffer_isim_beh.exe
Fuse Memory Usage: 380728 KB
Fuse CPU Usage: 4930 ms
GCC CPU Usage: 1030 ms
