Command line:
   logical_op_isim_beh.exe
     -simmode  gui
     -simrunnum  0
     -socket  43093

Tue Oct  8 21:36:20 2024


 Elaboration Time: 0.06 sec

 Current Memory Usage: 183.96 Meg

 Total Signals          : 13
 Total Nets             : 13
 Total Signal Drivers   : 5
 Total Blocks           : 2
 Total Primitive Blocks : 2
 Total Processes        : 7
 Total Traceable Variables  : 24
 Total Scalar Nets and Variables : 103
Total Line Count : 23

 Total Simulation Time: 0.1 sec

 Current Memory Usage: 259.461 Meg

Tue Oct  8 21:38:37 2024

