Command line:
   mux4_1_tb_isim_beh.exe
     -simmode  gui
     -simrunnum  0
     -socket  48539

Wed Oct  9 13:38:29 2024


 Elaboration Time: 0.07 sec

 Current Memory Usage: 183.972 Meg

 Total Signals          : 16
 Total Nets             : 20
 Total Signal Drivers   : 8
 Total Blocks           : 5
 Total Primitive Blocks : 4
 Total Processes        : 13
 Total Traceable Variables  : 23
 Total Scalar Nets and Variables : 113
Total Line Count : 42

 Total Simulation Time: 0.09 sec

 Current Memory Usage: 259.473 Meg

Wed Oct  9 13:47:03 2024

