Command line:
   arithmetic_pitfalls_isim_beh.exe
     -simmode  gui
     -simrunnum  0
     -socket  36973

Wed Oct  9 01:20:04 2024


 Elaboration Time: 0.07 sec

 Current Memory Usage: 183.968 Meg

 Total Signals          : 13
 Total Nets             : 13
 Total Signal Drivers   : 5
 Total Blocks           : 2
 Total Primitive Blocks : 2
 Total Processes        : 7
 Total Traceable Variables  : 23
 Total Scalar Nets and Variables : 113
Total Line Count : 28

 Total Simulation Time: 0.1 sec

 Current Memory Usage: 259.469 Meg

Wed Oct  9 01:22:54 2024

