ISim log file
Running: /home/artmad/VLSI/VerilogLab/Combinational_circuits/decoder_3x8/decoder3x8/tb_decoder3to8_isim_beh.exe -intstyle ise -gui -tclbatch isim.cmd -wdb /home/artmad/VLSI/VerilogLab/Combinational_circuits/decoder_3x8/decoder3x8/tb_decoder3to8_isim_beh.wdb 
ISim P.20131013 (signature 0xfbc00daa)
WARNING: A WEBPACK license was found.
WARNING: Please use Xilinx License Configuration Manager to check out a full ISim license.
WARNING: ISim will run in Lite mode. Please refer to the ISim documentation for more information on the differences between the Lite and the Full version.
This is a Lite version of ISim.
Time resolution is 1 ps
# onerror resume
# wave add /
# run 1000 ns
Simulator is doing circuit initialization process.
Finished circuit initialization process.
A = 000, Y = 00000001
A = 001, Y = 00000010
A = 010, Y = 00000100
A = 011, Y = 00001000
A = 100, Y = 00010000
A = 101, Y = 00100000
A = 110, Y = 01000000
A = 111, Y = 10000000
Stopped at time : 80 ns : File "/home/artmad/VLSI/VerilogLab/Combinational_circuits/decoder_3x8/tbcode.v" Line 27
