Command line:
   tb_decoder3to8_isim_beh.exe
     -simmode  gui
     -simrunnum  0
     -socket  56103

Wed Oct  9 13:54:36 2024


 Elaboration Time: 0.06 sec

 Current Memory Usage: 183.968 Meg

 Total Signals          : 15
 Total Nets             : 24
 Total Signal Drivers   : 7
 Total Blocks           : 3
 Total Primitive Blocks : 2
 Total Processes        : 10
 Total Traceable Variables  : 20
 Total Scalar Nets and Variables : 115
Total Line Count : 37

 Total Simulation Time: 0.08 sec

 Current Memory Usage: 259.469 Meg

Wed Oct  9 13:55:13 2024

