Running: /opt/Xilinx/14.7/ISE_DS/ISE/bin/lin64/unwrapped/fuse -intstyle ise -incremental -lib unisims_ver -lib unimacro_ver -lib xilinxcorelib_ver -lib secureip -o /home/artmad/VLSI/VerilogLab/4x1Mux/Mux4x1/mux4x1_tb_isim_beh.exe -prj /home/artmad/VLSI/VerilogLab/4x1Mux/Mux4x1/mux4x1_tb_beh.prj work.mux4x1_tb work.glbl 
ISim P.20131013 (signature 0xfbc00daa)
Number of CPUs detected in this system: 2
Turning on mult-threading, number of parallel sub-compilation jobs: 4 
Determining compilation order of HDL files
Analyzing Verilog file "/home/artmad/VLSI/VerilogLab/4x1Mux/Mux4x1/../rtl/4x1Mux.v" into library work
Analyzing Verilog file "/home/artmad/VLSI/VerilogLab/4x1Mux/Mux4x1/../tb/4x1Mux_tb.v" into library work
Analyzing Verilog file "/opt/Xilinx/14.7/ISE_DS/ISE//verilog/src/glbl.v" into library work
Starting static elaboration
Completed static elaboration
Fuse Memory Usage: 82692 KB
Fuse CPU Usage: 4560 ms
Compiling module mux2x1
Compiling module mux4x1
Compiling module mux4x1_tb
Compiling module glbl
Time Resolution for simulation is 1ps.
Waiting for 1 sub-compilation(s) to finish...
Compiled 4 Verilog Units
Built simulation executable /home/artmad/VLSI/VerilogLab/4x1Mux/Mux4x1/mux4x1_tb_isim_beh.exe
Fuse Memory Usage: 380744 KB
Fuse CPU Usage: 4600 ms
GCC CPU Usage: 1330 ms
