Command line:
   mux4x1_tb_isim_beh.exe
     -simmode  gui
     -simrunnum  0
     -socket  56931

Fri Oct  4 13:14:01 2024


 Elaboration Time: 0.09 sec

 Current Memory Usage: 183.968 Meg

 Total Signals          : 31
 Total Nets             : 22
 Total Signal Drivers   : 13
 Total Blocks           : 6
 Total Primitive Blocks : 4
 Total Processes        : 19
 Total Traceable Variables  : 26
 Total Scalar Nets and Variables : 111
Total Line Count : 40

 Total Simulation Time: 0.13 sec

 Current Memory Usage: 259.469 Meg

Fri Oct  4 15:12:22 2024

