Command line:
   conditional_operator_example_isim_beh.exe
     -simmode  gui
     -simrunnum  0
     -socket  47857

Wed Oct  9 00:24:18 2024


 Elaboration Time: 0.06 sec

 Current Memory Usage: 183.968 Meg

 Total Signals          : 13
 Total Nets             : 13
 Total Signal Drivers   : 5
 Total Blocks           : 2
 Total Primitive Blocks : 2
 Total Processes        : 7
 Total Traceable Variables  : 21
 Total Scalar Nets and Variables : 105
Total Line Count : 19

 Total Simulation Time: 0.08 sec

 Current Memory Usage: 259.469 Meg

Wed Oct  9 00:28:18 2024

