Running: /opt/Xilinx/14.7/ISE_DS/ISE/bin/lin64/unwrapped/fuse -intstyle ise -incremental -lib unisims_ver -lib unimacro_ver -lib xilinxcorelib_ver -lib secureip -o /home/artmad/vlab/lab1/Verilog_labs/2x4D/decoder2x4/Decoder_tb_isim_beh.exe -prj /home/artmad/vlab/lab1/Verilog_labs/2x4D/decoder2x4/Decoder_tb_beh.prj work.Decoder_tb work.glbl 
ISim P.20131013 (signature 0xfbc00daa)
Number of CPUs detected in this system: 2
Turning on mult-threading, number of parallel sub-compilation jobs: 4 
Determining compilation order of HDL files
Analyzing Verilog file "/home/artmad/vlab/lab1/Verilog_labs/2x4D/decoder2x4/../rtl/2x4Decoder.v" into library work
Analyzing Verilog file "/home/artmad/vlab/lab1/Verilog_labs/2x4D/decoder2x4/../tb/2x4Decoder_tb.v" into library work
Analyzing Verilog file "/opt/Xilinx/14.7/ISE_DS/ISE//verilog/src/glbl.v" into library work
Starting static elaboration
Completed static elaboration
Fuse Memory Usage: 82692 KB
Fuse CPU Usage: 5010 ms
Compiling module Decoder
Compiling module Decoder_tb
Compiling module glbl
Time Resolution for simulation is 1ps.
Waiting for 1 sub-compilation(s) to finish...
Compiled 3 Verilog Units
Built simulation executable /home/artmad/vlab/lab1/Verilog_labs/2x4D/decoder2x4/Decoder_tb_isim_beh.exe
Fuse Memory Usage: 380768 KB
Fuse CPU Usage: 5040 ms
GCC CPU Usage: 1330 ms
