Command line:
   concat_repl_op_isim_beh.exe
     -simmode  gui
     -simrunnum  0
     -socket  55189

Tue Oct  8 23:40:53 2024


 Elaboration Time: 0.08 sec

 Current Memory Usage: 183.964 Meg

 Total Signals          : 13
 Total Nets             : 13
 Total Signal Drivers   : 5
 Total Blocks           : 2
 Total Primitive Blocks : 2
 Total Processes        : 7
 Total Traceable Variables  : 22
 Total Scalar Nets and Variables : 111
Total Line Count : 19

 Total Simulation Time: 0.1 sec

 Current Memory Usage: 259.465 Meg

Tue Oct  8 23:52:09 2024

