Command line:
   reduction_op_isim_beh.exe
     -simmode  gui
     -simrunnum  0
     -socket  38515

Tue Oct  8 22:46:14 2024


 Elaboration Time: 0.08 sec

 Current Memory Usage: 183.96 Meg

 Total Signals          : 13
 Total Nets             : 13
 Total Signal Drivers   : 5
 Total Blocks           : 2
 Total Primitive Blocks : 2
 Total Processes        : 7
 Total Traceable Variables  : 22
 Total Scalar Nets and Variables : 103
Total Line Count : 20

 Total Simulation Time: 0.09 sec

 Current Memory Usage: 259.461 Meg

Tue Oct  8 22:51:49 2024

