Command line:
   equality_example_isim_beh.exe
     -simmode  gui
     -simrunnum  0
     -socket  49655

Wed Oct  9 00:14:24 2024


 Elaboration Time: 0.08 sec

 Current Memory Usage: 183.964 Meg

 Total Signals          : 13
 Total Nets             : 13
 Total Signal Drivers   : 5
 Total Blocks           : 2
 Total Primitive Blocks : 2
 Total Processes        : 7
 Total Traceable Variables  : 22
 Total Scalar Nets and Variables : 103
Total Line Count : 23

 Total Simulation Time: 0.1 sec

 Current Memory Usage: 259.465 Meg

Wed Oct  9 00:19:26 2024

